[2023-06-10T15:53:52.543+0000] {taskinstance.py:1103} INFO - Dependencies all met for dep_context=non-requeueable deps ti=<TaskInstance: applicants.transform manual__2023-06-10T15:53:43.254554+00:00 [queued]>
[2023-06-10T15:53:52.560+0000] {taskinstance.py:1103} INFO - Dependencies all met for dep_context=requeueable deps ti=<TaskInstance: applicants.transform manual__2023-06-10T15:53:43.254554+00:00 [queued]>
[2023-06-10T15:53:52.561+0000] {taskinstance.py:1308} INFO - Starting attempt 1 of 1
[2023-06-10T15:53:52.588+0000] {taskinstance.py:1327} INFO - Executing <Task(PythonOperator): transform> on 2023-06-10 15:53:43.254554+00:00
[2023-06-10T15:53:52.598+0000] {standard_task_runner.py:57} INFO - Started process 14313 to run task
[2023-06-10T15:53:52.603+0000] {standard_task_runner.py:84} INFO - Running: ['***', 'tasks', 'run', 'applicants', 'transform', 'manual__2023-06-10T15:53:43.254554+00:00', '--job-id', '51', '--raw', '--subdir', 'DAGS_FOLDER/etl.py', '--cfg-path', '/tmp/tmpysn__u8c']
[2023-06-10T15:53:52.605+0000] {standard_task_runner.py:85} INFO - Job 51: Subtask transform
[2023-06-10T15:53:52.672+0000] {task_command.py:410} INFO - Running <TaskInstance: applicants.transform manual__2023-06-10T15:53:43.254554+00:00 [running]> on host 9e894d1b1662
[2023-06-10T15:53:52.757+0000] {taskinstance.py:1547} INFO - Exporting env vars: AIRFLOW_CTX_DAG_OWNER='***' AIRFLOW_CTX_DAG_ID='applicants' AIRFLOW_CTX_TASK_ID='transform' AIRFLOW_CTX_EXECUTION_DATE='2023-06-10T15:53:43.254554+00:00' AIRFLOW_CTX_TRY_NUMBER='1' AIRFLOW_CTX_DAG_RUN_ID='manual__2023-06-10T15:53:43.254554+00:00'
[2023-06-10T15:53:52.853+0000] {logging_mixin.py:149} INFO -              Name-surname  Age  ... Cognitive-score ClassName
1             Amayah Lowe   43  ...              58   Celadon
3            Edith Bowman   41  ...              99   Celadon
6             Lemar Ahmad   46  ...              66   Celadon
7        Rikesh Bannister   51  ...              85   Celadon
10       Madelaine Mullen   25  ...              63   Celadon
12          Kaylee Spears   57  ...              53   Celadon
15       Olivia-Mae Rivas   57  ...              56   Celadon
16  Jamie-Leigh Dickerson   35  ...              73   Celadon
17        Yasemin Osborne   38  ...              71   Celadon
18              Tj Bonner   23  ...              81   Celadon
19            Tessa Dunne   48  ...              61   Celadon
20      Cynthia Velasquez   22  ...              56   Celadon
22           Hibba Santos   23  ...              73   Celadon
23        Simona Alvarado   40  ...              91   Celadon
24           Sofia Searle   32  ...              73   Celadon
25     Harper-Rose Steele   36  ...              86   Celadon
26        Beatrice Thorpe   62  ...              66   Celadon
28        Rosemary Lister   62  ...              97   Celadon
29            Manal Velez   28  ...              64   Celadon
30           Coen Edwards   32  ...              71   Celadon
31            April Avery   46  ...              55   Celadon
34          Sumaya Montes   23  ...              83   Celadon
35           Shona Ingram   64  ...              90   Celadon
37             Luciana Vu   41  ...              72   Celadon
38           James Webber   26  ...              96   Celadon
39       Muhammad Doherty   27  ...              79   Celadon
40         Malachy Clarke   31  ...              73   Celadon
41           Devan Waller   30  ...              70   Celadon
43          Sorcha Hayden   23  ...              91   Celadon
44        Shaan Mcdougall   54  ...              93   Celadon
45          Aishah Carney   61  ...             100   Celadon

[31 rows x 6 columns]
[2023-06-10T15:53:52.854+0000] {python.py:183} INFO - Done. Returned value was:              Name-surname  Age  ... Cognitive-score ClassName
1             Amayah Lowe   43  ...              58   Celadon
3            Edith Bowman   41  ...              99   Celadon
6             Lemar Ahmad   46  ...              66   Celadon
7        Rikesh Bannister   51  ...              85   Celadon
10       Madelaine Mullen   25  ...              63   Celadon
12          Kaylee Spears   57  ...              53   Celadon
15       Olivia-Mae Rivas   57  ...              56   Celadon
16  Jamie-Leigh Dickerson   35  ...              73   Celadon
17        Yasemin Osborne   38  ...              71   Celadon
18              Tj Bonner   23  ...              81   Celadon
19            Tessa Dunne   48  ...              61   Celadon
20      Cynthia Velasquez   22  ...              56   Celadon
22           Hibba Santos   23  ...              73   Celadon
23        Simona Alvarado   40  ...              91   Celadon
24           Sofia Searle   32  ...              73   Celadon
25     Harper-Rose Steele   36  ...              86   Celadon
26        Beatrice Thorpe   62  ...              66   Celadon
28        Rosemary Lister   62  ...              97   Celadon
29            Manal Velez   28  ...              64   Celadon
30           Coen Edwards   32  ...              71   Celadon
31            April Avery   46  ...              55   Celadon
34          Sumaya Montes   23  ...              83   Celadon
35           Shona Ingram   64  ...              90   Celadon
37             Luciana Vu   41  ...              72   Celadon
38           James Webber   26  ...              96   Celadon
39       Muhammad Doherty   27  ...              79   Celadon
40         Malachy Clarke   31  ...              73   Celadon
41           Devan Waller   30  ...              70   Celadon
43          Sorcha Hayden   23  ...              91   Celadon
44        Shaan Mcdougall   54  ...              93   Celadon
45          Aishah Carney   61  ...             100   Celadon

[31 rows x 6 columns]
[2023-06-10T15:53:52.893+0000] {taskinstance.py:1350} INFO - Marking task as SUCCESS. dag_id=applicants, task_id=transform, execution_date=20230610T155343, start_date=20230610T155352, end_date=20230610T155352
[2023-06-10T15:53:52.936+0000] {local_task_job_runner.py:225} INFO - Task exited with return code 0
[2023-06-10T15:53:52.961+0000] {taskinstance.py:2651} INFO - 1 downstream tasks scheduled from follow-on schedule check
