[2023-06-13T13:15:50.975+0000] {taskinstance.py:1103} INFO - Dependencies all met for dep_context=non-requeueable deps ti=<TaskInstance: applicants.create_country_table manual__2023-06-13T13:15:49.038713+00:00 [queued]>
[2023-06-13T13:15:50.983+0000] {taskinstance.py:1103} INFO - Dependencies all met for dep_context=requeueable deps ti=<TaskInstance: applicants.create_country_table manual__2023-06-13T13:15:49.038713+00:00 [queued]>
[2023-06-13T13:15:50.984+0000] {taskinstance.py:1308} INFO - Starting attempt 1 of 1
[2023-06-13T13:15:50.997+0000] {taskinstance.py:1327} INFO - Executing <Task(MsSqlOperator): create_country_table> on 2023-06-13 13:15:49.038713+00:00
[2023-06-13T13:15:51.004+0000] {standard_task_runner.py:57} INFO - Started process 2410 to run task
[2023-06-13T13:15:51.015+0000] {standard_task_runner.py:84} INFO - Running: ['***', 'tasks', 'run', 'applicants', 'create_country_table', 'manual__2023-06-13T13:15:49.038713+00:00', '--job-id', '103', '--raw', '--subdir', 'DAGS_FOLDER/etl.py', '--cfg-path', '/tmp/tmp4x4pu5dj']
[2023-06-13T13:15:51.016+0000] {standard_task_runner.py:85} INFO - Job 103: Subtask create_country_table
[2023-06-13T13:15:51.136+0000] {task_command.py:410} INFO - Running <TaskInstance: applicants.create_country_table manual__2023-06-13T13:15:49.038713+00:00 [running]> on host 9e894d1b1662
[2023-06-13T13:15:51.293+0000] {taskinstance.py:1547} INFO - Exporting env vars: AIRFLOW_CTX_DAG_OWNER='***' AIRFLOW_CTX_DAG_ID='applicants' AIRFLOW_CTX_TASK_ID='create_country_table' AIRFLOW_CTX_EXECUTION_DATE='2023-06-13T13:15:49.038713+00:00' AIRFLOW_CTX_TRY_NUMBER='1' AIRFLOW_CTX_DAG_RUN_ID='manual__2023-06-13T13:15:49.038713+00:00'
[2023-06-13T13:15:51.307+0000] {sql.py:262} INFO - Executing: 
    CREATE TABLE Country (
        country_id INT NOT NULL IDENTITY(1,1) PRIMARY KEY,
        name TEXT,
        continent TEXT
    );
    
[2023-06-13T13:15:51.324+0000] {base.py:73} INFO - Using connection ID 'MssqlConn' for task execution.
[2023-06-13T13:15:51.499+0000] {base.py:73} INFO - Using connection ID 'MssqlConn' for task execution.
[2023-06-13T13:15:51.541+0000] {sql.py:375} INFO - Running statement: 
    CREATE TABLE Country (
        country_id INT NOT NULL IDENTITY(1,1) PRIMARY KEY,
        name TEXT,
        continent TEXT
    );
    , parameters: None
[2023-06-13T13:15:51.582+0000] {taskinstance.py:1350} INFO - Marking task as SUCCESS. dag_id=applicants, task_id=create_country_table, execution_date=20230613T131549, start_date=20230613T131550, end_date=20230613T131551
[2023-06-13T13:15:51.629+0000] {local_task_job_runner.py:225} INFO - Task exited with return code 0
[2023-06-13T13:15:51.646+0000] {taskinstance.py:2651} INFO - 0 downstream tasks scheduled from follow-on schedule check
